TN:
SF:src/UniswapV2Arb.sol
DA:27,4
FN:27,UniswapV2Arb.addRouters
FNDA:4,UniswapV2Arb.addRouters
DA:28,3
DA:29,4
DA:33,14
FN:33,UniswapV2Arb.addPath
FNDA:14,UniswapV2Arb.addPath
DA:38,13
DA:41,18
FN:41,UniswapV2Arb.swap
FNDA:18,UniswapV2Arb.swap
DA:47,18
DA:48,18
DA:49,18
DA:50,18
DA:51,18
DA:52,18
DA:53,18
DA:62,3
FN:62,UniswapV2Arb.getAmountOutMin
FNDA:3,UniswapV2Arb.getAmountOutMin
DA:68,27
DA:69,27
DA:70,27
DA:71,27
DA:72,27
DA:73,27
BRDA:73,0,0,27
DA:76,21
DA:78,27
DA:81,2
FN:81,UniswapV2Arb.estimateDualDexTrade
FNDA:2,UniswapV2Arb.estimateDualDexTrade
DA:88,2
DA:89,2
DA:95,2
DA:98,4
FN:98,UniswapV2Arb.dualDexTrade
FNDA:4,UniswapV2Arb.dualDexTrade
DA:105,3
DA:106,3
DA:107,3
DA:108,3
DA:109,3
DA:110,3
DA:111,3
DA:112,3
BRDA:112,1,0,1
BRDA:112,1,1,2
DA:115,6
FN:115,UniswapV2Arb.findPath
FNDA:6,UniswapV2Arb.findPath
DA:120,6
DA:121,5
DA:127,5
DA:133,5
DA:139,5
DA:140,5
BRDA:140,2,0,3
DA:141,3
DA:144,3
DA:147,4
FN:147,UniswapV2Arb.tradePath
FNDA:4,UniswapV2Arb.tradePath
DA:155,3
DA:156,3
DA:157,3
DA:158,3
DA:159,3
DA:160,3
DA:162,3
DA:163,3
DA:165,3
DA:166,3
DA:168,3
DA:169,3
BRDA:169,3,0,1
BRDA:169,3,1,2
DA:175,2
FN:175,UniswapV2Arb.getBalance
FNDA:2,UniswapV2Arb.getBalance
DA:178,2
DA:179,2
DA:182,3
FN:182,UniswapV2Arb.pathsLength
FNDA:3,UniswapV2Arb.pathsLength
DA:183,3
DA:186,3
FN:186,UniswapV2Arb.recoverEth
FNDA:3,UniswapV2Arb.recoverEth
DA:187,2
DA:190,3
FN:190,UniswapV2Arb.recoverTokens
FNDA:3,UniswapV2Arb.recoverTokens
DA:191,2
DA:192,2
FNF:12
FNH:12
LF:67
LH:67
BRF:6
BRH:6
end_of_record
TN:
SF:src/WETH9.sol
DA:37,0
FN:37,WETH9.receive
FNDA:0,WETH9.receive
DA:38,0
DA:41,0
FN:41,WETH9.deposit
FNDA:0,WETH9.deposit
DA:42,0
DA:43,0
DA:46,0
FN:46,WETH9.withdraw
FNDA:0,WETH9.withdraw
DA:47,0
BRDA:47,0,0,-
BRDA:47,0,1,-
DA:48,0
DA:49,0
DA:50,0
DA:53,0
FN:53,WETH9.totalSupply
FNDA:0,WETH9.totalSupply
DA:54,0
DA:57,0
FN:57,WETH9.approve
FNDA:0,WETH9.approve
DA:58,0
DA:59,0
DA:60,0
DA:63,0
FN:63,WETH9.transfer
FNDA:0,WETH9.transfer
DA:64,0
DA:67,0
FN:67,WETH9.transferFrom
FNDA:0,WETH9.transferFrom
DA:71,0
BRDA:71,1,0,-
BRDA:71,1,1,-
DA:73,0
BRDA:73,2,0,-
DA:74,0
BRDA:74,3,0,-
BRDA:74,3,1,-
DA:75,0
DA:78,0
DA:79,0
DA:81,0
DA:83,0
FNF:7
FNH:0
LF:27
LH:0
BRF:7
BRH:0
end_of_record
TN:
SF:test/UniswapV2Arb.t..sol
DA:13,31
FN:13,MockERC20.mint
FNDA:31,MockERC20.mint
DA:14,31
DA:24,72
FN:24,MockRouter.constructor
FNDA:72,MockRouter.constructor
DA:25,72
DA:26,72
DA:29,21
FN:29,MockRouter.getAmountsOut.0
FNDA:21,MockRouter.getAmountsOut.0
DA:33,21
DA:34,21
DA:35,21
DA:38,18
FN:38,MockRouter.swapExactTokensForTokens
FNDA:18,MockRouter.swapExactTokensForTokens
DA:45,18
DA:46,18
DA:47,18
DA:49,18
DA:50,18
DA:52,18
DA:53,18
DA:54,18
DA:61,6
FN:61,RevertingRouter.getAmountsOut.1
FNDA:6,RevertingRouter.getAmountsOut.1
DA:65,6
FNF:5
FNH:5
LF:20
LH:20
BRF:0
BRH:0
end_of_record
