TN:
SF:src/UniswapV2Arb.sol
DA:37,44
FN:37,UniswapV2Arb.addRouters
FNDA:44,UniswapV2Arb.addRouters
DA:38,42
DA:40,4
BRDA:40,0,0,4
DA:41,70
DA:42,70
DA:44,70
DA:49,22
FN:49,UniswapV2Arb.addPath
FNDA:22,UniswapV2Arb.addPath
DA:54,21
DA:57,65
FN:57,UniswapV2Arb.swap
FNDA:65,UniswapV2Arb.swap
DA:63,65
DA:64,7
BRDA:64,1,0,7
DA:66,58
DA:67,58
DA:68,58
DA:69,58
DA:70,58
DA:71,58
DA:72,58
DA:81,16
FN:81,UniswapV2Arb.getAmountOutMin
FNDA:16,UniswapV2Arb.getAmountOutMin
DA:87,116
DA:88,116
DA:89,116
DA:90,116
DA:91,116
DA:92,116
BRDA:92,2,0,116
DA:95,108
DA:97,116
DA:100,12
FN:100,UniswapV2Arb.estimateDualDexTrade
FNDA:12,UniswapV2Arb.estimateDualDexTrade
DA:107,12
DA:108,12
DA:114,12
DA:117,15
FN:117,UniswapV2Arb.dualDexTrade
FNDA:15,UniswapV2Arb.dualDexTrade
DA:124,13
DA:125,13
DA:126,13
DA:127,11
DA:128,11
DA:129,11
DA:130,10
DA:132,10
BRDA:132,3,0,8
DA:135,10
FN:135,UniswapV2Arb.estimateTriDexTrade
FNDA:10,UniswapV2Arb.estimateTriDexTrade
DA:144,10
BRDA:144,4,0,2
DA:145,8
DA:146,8
DA:147,8
DA:148,8
DA:151,11
FN:151,UniswapV2Arb.triDexTrade
FNDA:11,UniswapV2Arb.triDexTrade
DA:160,9
DA:162,9
DA:163,9
DA:164,7
DA:167,7
DA:168,7
DA:169,7
DA:172,7
DA:173,7
DA:175,7
BRDA:175,5,0,4
DA:178,10
FN:178,UniswapV2Arb.findPath
FNDA:10,UniswapV2Arb.findPath
DA:183,10
DA:184,13
DA:190,13
DA:196,13
DA:202,13
DA:203,13
BRDA:203,6,0,3
DA:204,3
DA:207,7
DA:210,8
FN:210,UniswapV2Arb.tradePath
FNDA:8,UniswapV2Arb.tradePath
DA:218,6
DA:219,6
DA:220,6
DA:221,6
DA:222,6
DA:223,4
DA:225,4
DA:226,4
DA:228,4
DA:229,4
DA:231,4
DA:232,4
DA:234,4
BRDA:234,7,0,2
DA:237,4
FN:237,UniswapV2Arb.getBalance
FNDA:4,UniswapV2Arb.getBalance
DA:240,4
DA:241,4
DA:244,5
FN:244,UniswapV2Arb.getRouters
FNDA:5,UniswapV2Arb.getRouters
DA:245,5
DA:248,3
FN:248,UniswapV2Arb.pathsLength
FNDA:3,UniswapV2Arb.pathsLength
DA:249,3
DA:252,4
FN:252,UniswapV2Arb.recoverEth
FNDA:4,UniswapV2Arb.recoverEth
DA:253,3
DA:256,5
FN:256,UniswapV2Arb.recoverTokens
FNDA:5,UniswapV2Arb.recoverTokens
DA:257,4
DA:258,4
FNF:15
FNH:15
LF:92
LH:92
BRF:8
BRH:8
end_of_record
TN:
SF:test/Mocks.sol
DA:10,54
FN:10,MockERC20.mint
FNDA:54,MockERC20.mint
DA:11,54
DA:21,172
FN:21,MockRouter.constructor
FNDA:172,MockRouter.constructor
DA:22,172
DA:23,172
DA:26,32
FN:26,MockRouter.getAmountsOut.0
FNDA:32,MockRouter.getAmountsOut.0
DA:30,32
DA:31,32
DA:32,32
DA:35,31
FN:35,MockRouter.swapExactTokensForTokens
FNDA:31,MockRouter.swapExactTokensForTokens
DA:42,31
DA:43,31
DA:44,31
DA:46,31
DA:47,31
DA:49,31
DA:50,31
DA:51,31
DA:58,7
FN:58,RevertingRouter.getAmountsOut.1
FNDA:7,RevertingRouter.getAmountsOut.1
DA:62,7
FNF:5
FNH:5
LF:20
LH:20
BRF:0
BRH:0
end_of_record
